<?xml version="1.0" encoding="UTF-8"?>
<testsuite name="br.com.dio.desafioreactor.Question2Test" tests="2" skipped="0" failures="0" errors="0" timestamp="2026-03-03T00:32:49" hostname="DESKTOP-NVBAJOS" time="0.189">
  <properties/>
  <testcase name="hasXAdmins()" classname="br.com.dio.desafioreactor.Question2Test" time="0.146"/>
  <testcase name="hasNoAdmin()" classname="br.com.dio.desafioreactor.Question2Test" time="0.042"/>
  <system-out><![CDATA[]]></system-out>
  <system-err><![CDATA[]]></system-err>
</testsuite>
