<?xml version="1.0" encoding="UTF-8"?>
<testsuite name="br.com.dio.desafioreactor.Question3Test" tests="2" skipped="0" failures="0" errors="0" timestamp="2026-03-03T00:32:50" hostname="DESKTOP-NVBAJOS" time="0.041">
  <properties/>
  <testcase name="validUser()" classname="br.com.dio.desafioreactor.Question3Test" time="0.025"/>
  <testcase name="invalidUser()" classname="br.com.dio.desafioreactor.Question3Test" time="0.015"/>
  <system-out><![CDATA[]]></system-out>
  <system-err><![CDATA[]]></system-err>
</testsuite>
